# JRE version: OpenJDK Runtime Environment (8.0_242-b01) (build 1.8.0_242-release-1644-b01)
# Java VM: OpenJDK 64-Bit Server VM (25.242-b01 mixed mode windows-amd64 compressed oops)
Heap:
 PSYoungGen      total 482816K, used 99475K [0x00000000d5580000, 0x00000000f5a00000, 0x0000000100000000)
  eden space 439808K, 20% used [0x00000000d5580000,0x00000000dac4e8c8,0x00000000f0300000)
  from space 43008K, 24% used [0x00000000f2b80000,0x00000000f35d64f0,0x00000000f5580000)
  to   space 41472K, 0% used [0x00000000f0300000,0x00000000f0300000,0x00000000f2b80000)
 ParOldGen       total 158208K, used 119209K [0x0000000080000000, 0x0000000089a80000, 0x00000000d5580000)
  object space 158208K, 75% used [0x0000000080000000,0x000000008746a608,0x0000000089a80000)
 Metaspace       used 86169K, capacity 90478K, committed 91160K, reserved 1128448K
  class space    used 11592K, capacity 12385K, committed 12592K, reserved 1048576K
GC Heap History (10 events):
Event: 82.990 GC heap before
{Heap before GC invocations=20 (full 3):
 PSYoungGen      total 411136K, used 403153K [0x00000000d5580000, 0x00000000f2380000, 0x0000000100000000)
  eden space 367616K, 100% used [0x00000000d5580000,0x00000000ebc80000,0x00000000ebc80000)
  from space 43520K, 81% used [0x00000000eeb00000,0x00000000f0db4520,0x00000000f1580000)
  to   space 47616K, 0% used [0x00000000ebc80000,0x00000000ebc80000,0x00000000eeb00000)
 ParOldGen       total 158208K, used 97026K [0x0000000080000000, 0x0000000089a80000, 0x00000000d5580000)
  object space 158208K, 61% used [0x0000000080000000,0x0000000085ec0a70,0x0000000089a80000)
 Metaspace       used 86081K, capacity 90686K, committed 90904K, reserved 1128448K
  class space    used 11648K, capacity 12519K, committed 12592K, reserved 1048576K
Event: 83.312 GC heap after
Heap after GC invocations=20 (full 3):
 PSYoungGen      total 415232K, used 18081K [0x00000000d5580000, 0x00000000f2380000, 0x0000000100000000)
  eden space 367616K, 0% used [0x00000000d5580000,0x00000000d5580000,0x00000000ebc80000)
  from space 47616K, 37% used [0x00000000ebc80000,0x00000000ece28778,0x00000000eeb00000)
  to   space 43520K, 0% used [0x00000000eeb00000,0x00000000eeb00000,0x00000000f1580000)
 ParOldGen       total 158208K, used 119582K [0x0000000080000000, 0x0000000089a80000, 0x00000000d5580000)
  object space 158208K, 75% used [0x0000000080000000,0x00000000874c7870,0x0000000089a80000)
 Metaspace       used 86081K, capacity 90686K, committed 90904K, reserved 1128448K
  class space    used 11648K, capacity 12519K, committed 12592K, reserved 1048576K
}
Event: 88.493 GC heap before
{Heap before GC invocations=21 (full 3):
 PSYoungGen      total 415232K, used 385697K [0x00000000d5580000, 0x00000000f2380000, 0x0000000100000000)
  eden space 367616K, 100% used [0x00000000d5580000,0x00000000ebc80000,0x00000000ebc80000)
  from space 47616K, 37% used [0x00000000ebc80000,0x00000000ece28778,0x00000000eeb00000)
  to   space 43520K, 0% used [0x00000000eeb00000,0x00000000eeb00000,0x00000000f1580000)
 ParOldGen       total 158208K, used 119582K [0x0000000080000000, 0x0000000089a80000, 0x00000000d5580000)
  object space 158208K, 75% used [0x0000000080000000,0x00000000874c7870,0x0000000089a80000)
 Metaspace       used 86131K, capacity 90754K, committed 90904K, reserved 1128448K
  class space    used 11650K, capacity 12519K, committed 12592K, reserved 1048576K
Event: 88.640 GC heap after
Heap after GC invocations=21 (full 3):
 PSYoungGen      total 411136K, used 7779K [0x00000000d5580000, 0x00000000f2380000, 0x0000000100000000)
  eden space 367616K, 0% used [0x00000000d5580000,0x00000000d5580000,0x00000000ebc80000)
  from space 43520K, 17% used [0x00000000eeb00000,0x00000000ef298f30,0x00000000f1580000)
  to   space 47616K, 0% used [0x00000000ebc80000,0x00000000ebc80000,0x00000000eeb00000)
 ParOldGen       total 158208K, used 135360K [0x0000000080000000, 0x0000000089a80000, 0x00000000d5580000)
  object space 158208K, 85% used [0x0000000080000000,0x0000000088430298,0x0000000089a80000)
 Metaspace       used 86131K, capacity 90754K, committed 90904K, reserved 1128448K
  class space    used 11650K, capacity 12519K, committed 12592K, reserved 1048576K
}
Event: 88.640 GC heap before
{Heap before GC invocations=22 (full 4):
 PSYoungGen      total 411136K, used 7779K [0x00000000d5580000, 0x00000000f2380000, 0x0000000100000000)
  eden space 367616K, 0% used [0x00000000d5580000,0x00000000d5580000,0x00000000ebc80000)
  from space 43520K, 17% used [0x00000000eeb00000,0x00000000ef298f30,0x00000000f1580000)
  to   space 47616K, 0% used [0x00000000ebc80000,0x00000000ebc80000,0x00000000eeb00000)
 ParOldGen       total 158208K, used 135360K [0x0000000080000000, 0x0000000089a80000, 0x00000000d5580000)
  object space 158208K, 85% used [0x0000000080000000,0x0000000088430298,0x0000000089a80000)
 Metaspace       used 86131K, capacity 90754K, committed 90904K, reserved 1128448K
  class space    used 11650K, capacity 12519K, committed 12592K, reserved 1048576K
Event: 90.089 GC heap after
Heap after GC invocations=22 (full 4):
 PSYoungGen      total 411136K, used 0K [0x00000000d5580000, 0x00000000f2380000, 0x0000000100000000)
  eden space 367616K, 0% used [0x00000000d5580000,0x00000000d5580000,0x00000000ebc80000)
  from space 43520K, 0% used [0x00000000eeb00000,0x00000000eeb00000,0x00000000f1580000)
  to   space 47616K, 0% used [0x00000000ebc80000,0x00000000ebc80000,0x00000000eeb00000)
 ParOldGen       total 158208K, used 111998K [0x0000000080000000, 0x0000000089a80000, 0x00000000d5580000)
  object space 158208K, 70% used [0x0000000080000000,0x0000000086d5faf8,0x0000000089a80000)
 Metaspace       used 85914K, capacity 90250K, committed 90904K, reserved 1128448K
  class space    used 11573K, capacity 12381K, committed 12592K, reserved 1048576K
}
Event: 94.496 GC heap before
{Heap before GC invocations=23 (full 4):
 PSYoungGen      total 411136K, used 367616K [0x00000000d5580000, 0x00000000f2380000, 0x0000000100000000)
  eden space 367616K, 100% used [0x00000000d5580000,0x00000000ebc80000,0x00000000ebc80000)
  from space 43520K, 0% used [0x00000000eeb00000,0x00000000eeb00000,0x00000000f1580000)
  to   space 47616K, 0% used [0x00000000ebc80000,0x00000000ebc80000,0x00000000eeb00000)
 ParOldGen       total 158208K, used 111998K [0x0000000080000000, 0x0000000089a80000, 0x00000000d5580000)
  object space 158208K, 70% used [0x0000000080000000,0x0000000086d5faf8,0x0000000089a80000)
 Metaspace       used 85997K, capacity 90334K, committed 90904K, reserved 1128448K
  class space    used 11574K, capacity 12381K, committed 12592K, reserved 1048576K
Event: 94.547 GC heap after
Heap after GC invocations=23 (full 4):
 PSYoungGen      total 415232K, used 11160K [0x00000000d5580000, 0x00000000f5580000, 0x0000000100000000)
  eden space 367616K, 0% used [0x00000000d5580000,0x00000000d5580000,0x00000000ebc80000)
  from space 47616K, 23% used [0x00000000ebc80000,0x00000000ec766188,0x00000000eeb00000)
  to   space 43008K, 0% used [0x00000000f2b80000,0x00000000f2b80000,0x00000000f5580000)
 ParOldGen       total 158208K, used 112006K [0x0000000080000000, 0x0000000089a80000, 0x00000000d5580000)
  object space 158208K, 70% used [0x0000000080000000,0x0000000086d61af8,0x0000000089a80000)
 Metaspace       used 85997K, capacity 90334K, committed 90904K, reserved 1128448K
  class space    used 11574K, capacity 12381K, committed 12592K, reserved 1048576K
}
Event: 97.742 GC heap before
{Heap before GC invocations=24 (full 4):
 PSYoungGen      total 415232K, used 378776K [0x00000000d5580000, 0x00000000f5580000, 0x0000000100000000)
  eden space 367616K, 100% used [0x00000000d5580000,0x00000000ebc80000,0x00000000ebc80000)
  from space 47616K, 23% used [0x00000000ebc80000,0x00000000ec766188,0x00000000eeb00000)
  to   space 43008K, 0% used [0x00000000f2b80000,0x00000000f2b80000,0x00000000f5580000)
 ParOldGen       total 158208K, used 112006K [0x0000000080000000, 0x0000000089a80000, 0x00000000d5580000)
  object space 158208K, 70% used [0x0000000080000000,0x0000000086d61af8,0x0000000089a80000)
 Metaspace       used 86166K, capacity 90478K, committed 91160K, reserved 1128448K
  class space    used 11592K, capacity 12385K, committed 12592K, reserved 1048576K
Event: 97.929 GC heap after
Heap after GC invocations=24 (full 4):
 PSYoungGen      total 482816K, used 10585K [0x00000000d5580000, 0x00000000f5a00000, 0x0000000100000000)
  eden space 439808K, 0% used [0x00000000d5580000,0x00000000d5580000,0x00000000f0300000)
  from space 43008K, 24% used [0x00000000f2b80000,0x00000000f35d64f0,0x00000000f5580000)
  to   space 41472K, 0% used [0x00000000f0300000,0x00000000f0300000,0x00000000f2b80000)
 ParOldGen       total 158208K, used 119209K [0x0000000080000000, 0x0000000089a80000, 0x00000000d5580000)
  object space 158208K, 75% used [0x0000000080000000,0x000000008746a608,0x0000000089a80000)
 Metaspace       used 86166K, capacity 90478K, committed 91160K, reserved 1128448K
  class space    used 11592K, capacity 12385K, committed 12592K, reserved 1048576K
}

